Arguments: 
  /home/justinribeiro/.local/n/bin/node /usr/share/yarn/bin/yarn.js

PATH: 
  /home/justinribeiro/.local/google-cloud-sdk/bin:/home/justinribeiro/.local/go/bin:/home/justinribeiro/.local/go/code/bin:/home/justinribeiro/.local/.yarn/bin:/home/justinribeiro/.local/npm-global/bin:/home/justinribeiro/.local/google-cloud-sdk/bin:/home/justinribeiro/.local/bin:/home/justinribeiro/.local/google-cloud-sdk/bin:/home/justinribeiro/.local/go/bin:/home/justinribeiro/.local/go/code/bin:/home/justinribeiro/.local/.yarn/bin:/home/justinribeiro/.local/npm-global/bin:/home/justinribeiro/.local/google-cloud-sdk/bin:/home/justinribeiro/.local/bin:/home/justinribeiro/bin:/home/justinribeiro/.local/bin:/usr/local/sbin:/usr/local/bin:/usr/sbin:/usr/bin:/sbin:/bin:/usr/games:/usr/local/games:/snap/bin:/home/justinribeiro/.local/n/bin

Yarn version: 
  1.7.0

Node version: 
  9.8.0

Platform: 
  linux x64

Trace: 
  Error: https://registry.yarnpkg.com/@justinribeiro%2fstl-part-viewer: Not found
      at Request.params.callback [as _callback] (/usr/share/yarn/lib/cli.js:65656:18)
      at Request.self.callback (/usr/share/yarn/lib/cli.js:134675:22)
      at Request.emit (events.js:180:13)
      at Request.<anonymous> (/usr/share/yarn/lib/cli.js:135658:10)
      at Request.emit (events.js:180:13)
      at IncomingMessage.<anonymous> (/usr/share/yarn/lib/cli.js:135578:12)
      at Object.onceWrapper (events.js:272:13)
      at IncomingMessage.emit (events.js:185:15)
      at endReadableNT (_stream_readable.js:1101:12)
      at process._tickCallback (internal/process/next_tick.js:114:19)

npm manifest: 
  {
    "description": "An experiment in mixing Hugo and Polymer PRPL into a progressive web app blog.",
    "repository": {
      "type": "git",
      "url": "git@github.com:justinribeiro/blog-pwa.git"
    },
    "name": "blog-pwa",
    "version": "3.0.0",
    "author": "Justin Ribeiro <justin@justinribeiro.com>",
    "devDependencies": {
      "eslint": "^3.12.0",
      "eslint-config-google": "^0.7.1",
      "eslint-plugin-html": "^1.7.0",
      "http2-push-manifest": "^1.0.1",
      "wct-browser-legacy": "^0.0.1-pre.11"
    },
    "scripts": {
      "lint": "eslint . --ext js,html; exit 0;",
      "test": "npm run lint && polymer test"
    },
    "bugs": {
      "url": "https://github.com/justinribeiro/blog-pwa/issues"
    },
    "license": "Apache2",
    "dependencies": {
      "@polymer/app-layout": "^3.0.0-pre.18",
      "@polymer/app-route": "^3.0.0-pre.18",
      "@polymer/iron-flex-layout": "^3.0.0-pre.18",
      "@polymer/iron-icon": "^3.0.0-pre.18",
      "@polymer/iron-iconset-svg": "^3.0.0-pre.18",
      "@polymer/iron-image": "^3.0.0-pre.18",
      "@polymer/iron-list": "^3.0.0-pre.19",
      "@polymer/iron-localstorage": "^3.0.0-pre.18",
      "@polymer/iron-media-query": "^3.0.0-pre.18",
      "@polymer/iron-pages": "^3.0.0-pre.18",
      "@polymer/iron-selector": "^3.0.0-pre.18",
      "@polymer/lit-element": "^0.5.1",
      "@polymer/paper-icon-button": "^3.0.0-pre.18",
      "@polymer/polymer": "^3.0.0",
      "@polymer/prism-element": "^3.0.0-pre.18",
      "@webcomponents/webcomponentsjs": "^2.0.0",
      "@justinribeiro/stl-part-viewer": "^0.2.0",
      "web-animations-js": "^2.3.1"
    }
  }

yarn manifest: 
  No manifest

Lockfile: 
  # THIS IS AN AUTOGENERATED FILE. DO NOT EDIT THIS FILE DIRECTLY.
  # yarn lockfile v1
  
  
  "@polymer/app-layout@^3.0.0-pre.18":
    version "3.0.0-pre.19"
    resolved "https://registry.yarnpkg.com/@polymer/app-layout/-/app-layout-3.0.0-pre.19.tgz#76b0ace980fa3033ffa4810b931a58d29fc48b33"
    dependencies:
      "@polymer/iron-flex-layout" "^3.0.0-pre.19"
      "@polymer/iron-media-query" "^3.0.0-pre.19"
      "@polymer/iron-resizable-behavior" "^3.0.0-pre.19"
      "@polymer/iron-scroll-target-behavior" "^3.0.0-pre.19"
      "@polymer/polymer" "^3.0.0"
  
  "@polymer/app-route@^3.0.0-pre.18":
    version "3.0.0-pre.19"
    resolved "https://registry.yarnpkg.com/@polymer/app-route/-/app-route-3.0.0-pre.19.tgz#4e0b4830bfbf1f4360a1678c907108eb6bb73aa0"
    dependencies:
      "@polymer/iron-location" "^3.0.0-pre.19"
      "@polymer/polymer" "^3.0.0"
  
  "@polymer/font-roboto@^3.0.0-pre.19":
    version "3.0.0-pre.19"
    resolved "https://registry.yarnpkg.com/@polymer/font-roboto/-/font-roboto-3.0.0-pre.19.tgz#d67384a000eebb2632c00c268182a8528aca4a7c"
  
  "@polymer/iron-a11y-keys-behavior@^3.0.0-pre.19":
    version "3.0.0-pre.19"
    resolved "https://registry.yarnpkg.com/@polymer/iron-a11y-keys-behavior/-/iron-a11y-keys-behavior-3.0.0-pre.19.tgz#4a335111c773af9c4376237be483ee196ab2d966"
    dependencies:
      "@polymer/polymer" "^3.0.0"
  
  "@polymer/iron-behaviors@^3.0.0-pre.19":
    version "3.0.0-pre.19"
    resolved "https://registry.yarnpkg.com/@polymer/iron-behaviors/-/iron-behaviors-3.0.0-pre.19.tgz#0f44cf7068f9d581b896980f18556706ea0c6eaa"
    dependencies:
      "@polymer/iron-a11y-keys-behavior" "^3.0.0-pre.19"
      "@polymer/polymer" "^3.0.0"
  
  "@polymer/iron-checked-element-behavior@^3.0.0-pre.19":
    version "3.0.0-pre.19"
    resolved "https://registry.yarnpkg.com/@polymer/iron-checked-element-behavior/-/iron-checked-element-behavior-3.0.0-pre.19.tgz#c79c8529c7bddf8b3fc5da1e81c938a286e424aa"
    dependencies:
      "@polymer/iron-form-element-behavior" "^3.0.0-pre.19"
      "@polymer/iron-validatable-behavior" "^3.0.0-pre.19"
      "@polymer/polymer" "^3.0.0"
  
  "@polymer/iron-flex-layout@^3.0.0-pre.18", "@polymer/iron-flex-layout@^3.0.0-pre.19":
    version "3.0.0-pre.19"
    resolved "https://registry.yarnpkg.com/@polymer/iron-flex-layout/-/iron-flex-layout-3.0.0-pre.19.tgz#35f633ab4d4e14e44650722729128e4f5968c1e9"
    dependencies:
      "@polymer/polymer" "^3.0.0"
  
  "@polymer/iron-form-element-behavior@^3.0.0-pre.19":
    version "3.0.0-pre.19"
    resolved "https://registry.yarnpkg.com/@polymer/iron-form-element-behavior/-/iron-form-element-behavior-3.0.0-pre.19.tgz#0fee7892af6a79cea7ef7ef1c7f738ac9f916ec6"
    dependencies:
      "@polymer/polymer" "^3.0.0"
  
  "@polymer/iron-icon@^3.0.0-pre.18", "@polymer/iron-icon@^3.0.0-pre.19":
    version "3.0.0-pre.19"
    resolved "https://registry.yarnpkg.com/@polymer/iron-icon/-/iron-icon-3.0.0-pre.19.tgz#8fd150463a36d3851b2b71802ebc22d48dbfa340"
    dependencies:
      "@polymer/iron-flex-layout" "^3.0.0-pre.19"
      "@polymer/iron-meta" "^3.0.0-pre.19"
      "@polymer/polymer" "^3.0.0"
  
  "@polymer/iron-iconset-svg@^3.0.0-pre.18":
    version "3.0.0-pre.19"
    resolved "https://registry.yarnpkg.com/@polymer/iron-iconset-svg/-/iron-iconset-svg-3.0.0-pre.19.tgz#9badb0df72ade7f011e60917ef3274019006cfd0"
    dependencies:
      "@polymer/iron-meta" "^3.0.0-pre.19"
      "@polymer/polymer" "^3.0.0"
  
  "@polymer/iron-image@^3.0.0-pre.18":
    version "3.0.0-pre.19"
    resolved "https://registry.yarnpkg.com/@polymer/iron-image/-/iron-image-3.0.0-pre.19.tgz#3796518331eec96d0b01c0e3c37aaa3edc168850"
    dependencies:
      "@polymer/polymer" "^3.0.0"
  
  "@polymer/iron-list@^3.0.0-pre.19":
    version "3.0.0-pre.19"
    resolved "https://registry.yarnpkg.com/@polymer/iron-list/-/iron-list-3.0.0-pre.19.tgz#0ba38b663dd3649a9d5e5660af465d2ce9ecaf02"
    dependencies:
      "@polymer/iron-a11y-keys-behavior" "^3.0.0-pre.19"
      "@polymer/iron-resizable-behavior" "^3.0.0-pre.19"
      "@polymer/iron-scroll-target-behavior" "^3.0.0-pre.19"
      "@polymer/polymer" "^3.0.0"
  
  "@polymer/iron-localstorage@^3.0.0-pre.18":
    version "3.0.0-pre.19"
    resolved "https://registry.yarnpkg.com/@polymer/iron-localstorage/-/iron-localstorage-3.0.0-pre.19.tgz#afa3ab88e27bcebb01fa37b843b28453a94542f2"
    dependencies:
      "@polymer/polymer" "^3.0.0"
  
  "@polymer/iron-location@^3.0.0-pre.19":
    version "3.0.0-pre.19"
    resolved "https://registry.yarnpkg.com/@polymer/iron-location/-/iron-location-3.0.0-pre.19.tgz#092716cf677491eb0c53031eb4014f6af566694d"
    dependencies:
      "@polymer/polymer" "^3.0.0"
  
  "@polymer/iron-media-query@^3.0.0-pre.18", "@polymer/iron-media-query@^3.0.0-pre.19":
    version "3.0.0-pre.19"
    resolved "https://registry.yarnpkg.com/@polymer/iron-media-query/-/iron-media-query-3.0.0-pre.19.tgz#f98271a879ead7aa6c37f7da6231b38c8f41deca"
    dependencies:
      "@polymer/polymer" "^3.0.0"
  
  "@polymer/iron-meta@^3.0.0-pre.19":
    version "3.0.0-pre.19"
    resolved "https://registry.yarnpkg.com/@polymer/iron-meta/-/iron-meta-3.0.0-pre.19.tgz#c4a70c235b87679f3487429ca69e071aacc3d002"
    dependencies:
      "@polymer/polymer" "^3.0.0"
  
  "@polymer/iron-pages@^3.0.0-pre.18":
    version "3.0.0-pre.19"
    resolved "https://registry.yarnpkg.com/@polymer/iron-pages/-/iron-pages-3.0.0-pre.19.tgz#98b00fbda39e06cdaf091a9dd61ef1fc371a4ed6"
    dependencies:
      "@polymer/iron-resizable-behavior" "^3.0.0-pre.19"
      "@polymer/iron-selector" "^3.0.0-pre.19"
      "@polymer/polymer" "^3.0.0"
  
  "@polymer/iron-resizable-behavior@^3.0.0-pre.19":
    version "3.0.0-pre.19"
    resolved "https://registry.yarnpkg.com/@polymer/iron-resizable-behavior/-/iron-resizable-behavior-3.0.0-pre.19.tgz#f36f4a11c48f07c55f4b0a77a9fb7827edf97fef"
    dependencies:
      "@polymer/polymer" "^3.0.0"
  
  "@polymer/iron-scroll-target-behavior@^3.0.0-pre.19":
    version "3.0.0-pre.19"
    resolved "https://registry.yarnpkg.com/@polymer/iron-scroll-target-behavior/-/iron-scroll-target-behavior-3.0.0-pre.19.tgz#4f13b0bd35257a2a4ba94419cc2f9431cd089789"
    dependencies:
      "@polymer/polymer" "^3.0.0"
  
  "@polymer/iron-selector@^3.0.0-pre.18", "@polymer/iron-selector@^3.0.0-pre.19":
    version "3.0.0-pre.19"
    resolved "https://registry.yarnpkg.com/@polymer/iron-selector/-/iron-selector-3.0.0-pre.19.tgz#254156e1284a68db9f45ace6903e846c042f1242"
    dependencies:
      "@polymer/polymer" "^3.0.0"
  
  "@polymer/iron-validatable-behavior@^3.0.0-pre.19":
    version "3.0.0-pre.19"
    resolved "https://registry.yarnpkg.com/@polymer/iron-validatable-behavior/-/iron-validatable-behavior-3.0.0-pre.19.tgz#2168f83466e85a2caa329f0b9db7060d2de38a7d"
    dependencies:
      "@polymer/iron-meta" "^3.0.0-pre.19"
      "@polymer/polymer" "^3.0.0"
  
  "@polymer/lit-element@^0.5.1":
    version "0.5.1"
    resolved "https://registry.yarnpkg.com/@polymer/lit-element/-/lit-element-0.5.1.tgz#ab1b21391787082023852e95e65e60015dfdaa00"
    dependencies:
      "@polymer/polymer" "^3.0.0-pre.13"
      lit-html "^0.10.0"
  
  "@polymer/lit-element@^0.5.2":
    version "0.5.2"
    resolved "https://registry.yarnpkg.com/@polymer/lit-element/-/lit-element-0.5.2.tgz#8d4e2d1ada27cf0f1a38b7b0eb9fadae92eb63df"
    dependencies:
      "@polymer/polymer" "^3.0.2"
      lit-html "^0.10.0"
  
  "@polymer/paper-behaviors@^3.0.0-pre.19":
    version "3.0.0-pre.19"
    resolved "https://registry.yarnpkg.com/@polymer/paper-behaviors/-/paper-behaviors-3.0.0-pre.19.tgz#02fdf0accf86f3f3836b82e333776ca5e9eeb25a"
    dependencies:
      "@polymer/iron-behaviors" "^3.0.0-pre.19"
      "@polymer/iron-checked-element-behavior" "^3.0.0-pre.19"
      "@polymer/paper-ripple" "^3.0.0-pre.19"
      "@polymer/polymer" "^3.0.0"
  
  "@polymer/paper-icon-button@^3.0.0-pre.18":
    version "3.0.0-pre.19"
    resolved "https://registry.yarnpkg.com/@polymer/paper-icon-button/-/paper-icon-button-3.0.0-pre.19.tgz#e478b5838363285394c3c1a3addd72d3bb1d789b"
    dependencies:
      "@polymer/iron-icon" "^3.0.0-pre.19"
      "@polymer/paper-behaviors" "^3.0.0-pre.19"
      "@polymer/paper-styles" "^3.0.0-pre.19"
      "@polymer/polymer" "^3.0.0"
  
  "@polymer/paper-ripple@^3.0.0-pre.19":
    version "3.0.0-pre.19"
    resolved "https://registry.yarnpkg.com/@polymer/paper-ripple/-/paper-ripple-3.0.0-pre.19.tgz#9e72d59d07c954a0e3de70b44a12c66a508b80ee"
    dependencies:
      "@polymer/iron-a11y-keys-behavior" "^3.0.0-pre.19"
      "@polymer/polymer" "^3.0.0"
  
  "@polymer/paper-styles@^3.0.0-pre.19":
    version "3.0.0-pre.19"
    resolved "https://registry.yarnpkg.com/@polymer/paper-styles/-/paper-styles-3.0.0-pre.19.tgz#72ba066b0de9153d835639ebe63ce2afbe5425b0"
    dependencies:
      "@polymer/font-roboto" "^3.0.0-pre.19"
      "@polymer/iron-flex-layout" "^3.0.0-pre.19"
      "@polymer/polymer" "^3.0.0"
  
  "@polymer/polymer@^3.0.0", "@polymer/polymer@^3.0.0-pre.1", "@polymer/polymer@^3.0.0-pre.13", "@polymer/polymer@^3.0.2":
    version "3.0.2"
    resolved "https://registry.yarnpkg.com/@polymer/polymer/-/polymer-3.0.2.tgz#626e6f9fae9716b0962ce0211e21df242153eab2"
    dependencies:
      "@webcomponents/shadycss" "^1.2.0"
  
  "@polymer/prism-element@^3.0.0-pre.18":
    version "3.0.0-pre.19"
    resolved "https://registry.yarnpkg.com/@polymer/prism-element/-/prism-element-3.0.0-pre.19.tgz#067a10fa026b2bbf70c62df863026d8a3ec70966"
    dependencies:
      "@polymer/polymer" "^3.0.0"
      prismjs "^1.11.0"
  
  "@polymer/sinonjs@^1.14.1":
    version "1.17.1"
    resolved "https://registry.yarnpkg.com/@polymer/sinonjs/-/sinonjs-1.17.1.tgz#e47d3785b7d0e8c29feb97f7e924b0fc597e2e9b"
  
  "@polymer/test-fixture@^3.0.0-pre.1":
    version "3.0.0-pre.19"
    resolved "https://registry.yarnpkg.com/@polymer/test-fixture/-/test-fixture-3.0.0-pre.19.tgz#415e16f75da4a242171c5954b6f4443fdca0c4c2"
  
  "@types/clone@^0.1.29":
    version "0.1.30"
    resolved "https://registry.yarnpkg.com/@types/clone/-/clone-0.1.30.tgz#e7365648c1b42136a59c7d5040637b3b5c83b614"
  
  "@types/node@6.0.*":
    version "6.0.112"
    resolved "https://registry.yarnpkg.com/@types/node/-/node-6.0.112.tgz#0f37473b1d1ecd30c8bf57215ef4fb558f99cc86"
  
  "@types/node@^4.0.30":
    version "4.2.23"
    resolved "https://registry.yarnpkg.com/@types/node/-/node-4.2.23.tgz#9241f00d64eb91084f68367746ef10d5fb2f2fc4"
  
  "@types/parse5@^0.0.31":
    version "0.0.31"
    resolved "https://registry.yarnpkg.com/@types/parse5/-/parse5-0.0.31.tgz#e827a493a443b156e1b582a2e4c3bdc0040f2ee7"
    dependencies:
      "@types/node" "6.0.*"
  
  "@webcomponents/shadycss@^1.2.0":
    version "1.3.0"
    resolved "https://registry.yarnpkg.com/@webcomponents/shadycss/-/shadycss-1.3.0.tgz#de0054c2e7024a2e8b607507fc383d5f4b91344d"
  
  "@webcomponents/webcomponentsjs@^1.0.7":
    version "1.2.2"
    resolved "https://registry.yarnpkg.com/@webcomponents/webcomponentsjs/-/webcomponentsjs-1.2.2.tgz#a0d1f87e45a8222e70a98d4b7a8dc878cced2f9a"
  
  "@webcomponents/webcomponentsjs@^2.0.0":
    version "2.0.0"
    resolved "https://registry.yarnpkg.com/@webcomponents/webcomponentsjs/-/webcomponentsjs-2.0.0.tgz#166e7489b9ce66f5c082a3360120cb27505f762f"
  
  abbrev@1:
    version "1.1.1"
    resolved "https://registry.yarnpkg.com/abbrev/-/abbrev-1.1.1.tgz#f8f2c887ad10bf67f634f005b6987fed3179aac8"
  
  accessibility-developer-tools@^2.12.0:
    version "2.12.0"
    resolved "https://registry.yarnpkg.com/accessibility-developer-tools/-/accessibility-developer-tools-2.12.0.tgz#3da0cce9d6ec6373964b84f35db7cfc3df7ab514"
  
  acorn-jsx@^3.0.0:
    version "3.0.1"
    resolved "https://registry.yarnpkg.com/acorn-jsx/-/acorn-jsx-3.0.1.tgz#afdf9488fb1ecefc8348f6fb22f464e32a58b36b"
    dependencies:
      acorn "^3.0.4"
  
  acorn@^3.0.4:
    version "3.3.0"
    resolved "https://registry.yarnpkg.com/acorn/-/acorn-3.3.0.tgz#45e37fb39e8da3f25baee3ff5369e2bb5f22017a"
  
  acorn@^5.5.0:
    version "5.6.2"
    resolved "https://registry.yarnpkg.com/acorn/-/acorn-5.6.2.tgz#b1da1d7be2ac1b4a327fb9eab851702c5045b4e7"
  
  ajv-keywords@^1.0.0:
    version "1.5.1"
    resolved "https://registry.yarnpkg.com/ajv-keywords/-/ajv-keywords-1.5.1.tgz#314dd0a4b3368fad3dfcdc54ede6171b886daf3c"
  
  ajv@^4.7.0:
    version "4.11.8"
    resolved "https://registry.yarnpkg.com/ajv/-/ajv-4.11.8.tgz#82ffb02b29e662ae53bdc20af15947706739c536"
    dependencies:
      co "^4.6.0"
      json-stable-stringify "^1.0.1"
  
  ansi-escapes@^1.1.0:
    version "1.4.0"
    resolved "https://registry.yarnpkg.com/ansi-escapes/-/ansi-escapes-1.4.0.tgz#d3a8a83b319aa67793662b13e761c7911422306e"
  
  ansi-regex@^2.0.0:
    version "2.1.1"
    resolved "https://registry.yarnpkg.com/ansi-regex/-/ansi-regex-2.1.1.tgz#c3b33ab5ee360d86e0e628f0468ae7ef27d654df"
  
  ansi-regex@^3.0.0:
    version "3.0.0"
    resolved "https://registry.yarnpkg.com/ansi-regex/-/ansi-regex-3.0.0.tgz#ed0317c322064f79466c02966bddb605ab37d998"
  
  ansi-styles@^2.2.1:
    version "2.2.1"
    resolved "https://registry.yarnpkg.com/ansi-styles/-/ansi-styles-2.2.1.tgz#b432dd3358b634cf75e1e4664368240533c1ddbe"
  
  argparse@^1.0.7:
    version "1.0.10"
    resolved "https://registry.yarnpkg.com/argparse/-/argparse-1.0.10.tgz#bcd6791ea5ae09725e17e5ad988134cd40b3d911"
    dependencies:
      sprintf-js "~1.0.2"
  
  array-union@^1.0.1:
    version "1.0.2"
    resolved "https://registry.yarnpkg.com/array-union/-/array-union-1.0.2.tgz#9a34410e4f4e3da23dea375be5be70f24778ec39"
    dependencies:
      array-uniq "^1.0.1"
  
  array-uniq@^1.0.1:
    version "1.0.3"
    resolved "https://registry.yarnpkg.com/array-uniq/-/array-uniq-1.0.3.tgz#af6ac877a25cc7f74e058894753858dfdb24fdb6"
  
  arrify@^1.0.0:
    version "1.0.1"
    resolved "https://registry.yarnpkg.com/arrify/-/arrify-1.0.1.tgz#898508da2226f380df904728456849c1501a4b0d"
  
  assertion-error@^1.0.1:
    version "1.1.0"
    resolved "https://registry.yarnpkg.com/assertion-error/-/assertion-error-1.1.0.tgz#e60b6b0e8f301bd97e5375215bda406c85118c0b"
  
  async@^1.5.2:
    version "1.5.2"
    resolved "https://registry.yarnpkg.com/async/-/async-1.5.2.tgz#ec6a61ae56480c0c3cb241c95618e20892f9672a"
  
  babel-code-frame@^6.16.0:
    version "6.26.0"
    resolved "https://registry.yarnpkg.com/babel-code-frame/-/babel-code-frame-6.26.0.tgz#63fd43f7dc1e3bb7ce35947db8fe369a3f58c74b"
    dependencies:
      chalk "^1.1.3"
      esutils "^2.0.2"
      js-tokens "^3.0.2"
  
  balanced-match@^1.0.0:
    version "1.0.0"
    resolved "https://registry.yarnpkg.com/balanced-match/-/balanced-match-1.0.0.tgz#89b4d199ab2bee49de164ea02b89ce462d71b767"
  
  brace-expansion@^1.1.7:
    version "1.1.11"
    resolved "https://registry.yarnpkg.com/brace-expansion/-/brace-expansion-1.1.11.tgz#3c7fcbf529d87226f3d2f52b966ff5271eb441dd"
    dependencies:
      balanced-match "^1.0.0"
      concat-map "0.0.1"
  
  browser-stdout@1.3.0:
    version "1.3.0"
    resolved "https://registry.yarnpkg.com/browser-stdout/-/browser-stdout-1.3.0.tgz#f351d32969d32fa5d7a5567154263d928ae3bd1f"
  
  buffer-from@^1.0.0:
    version "1.1.0"
    resolved "https://registry.yarnpkg.com/buffer-from/-/buffer-from-1.1.0.tgz#87fcaa3a298358e0ade6e442cfce840740d1ad04"
  
  caller-path@^0.1.0:
    version "0.1.0"
    resolved "https://registry.yarnpkg.com/caller-path/-/caller-path-0.1.0.tgz#94085ef63581ecd3daa92444a8fe94e82577751f"
    dependencies:
      callsites "^0.2.0"
  
  callsites@^0.2.0:
    version "0.2.0"
    resolved "https://registry.yarnpkg.com/callsites/-/callsites-0.2.0.tgz#afab96262910a7f33c19a5775825c69f34e350ca"
  
  chai@^3.5.0:
    version "3.5.0"
    resolved "https://registry.yarnpkg.com/chai/-/chai-3.5.0.tgz#4d02637b067fe958bdbfdd3a40ec56fef7373247"
    dependencies:
      assertion-error "^1.0.1"
      deep-eql "^0.1.3"
      type-detect "^1.0.0"
  
  chalk@^1.0.0, chalk@^1.1.1, chalk@^1.1.3:
    version "1.1.3"
    resolved "https://registry.yarnpkg.com/chalk/-/chalk-1.1.3.tgz#a8115c55e4a702fe4d150abd3872822a7e09fc98"
    dependencies:
      ansi-styles "^2.2.1"
      escape-string-regexp "^1.0.2"
      has-ansi "^2.0.0"
      strip-ansi "^3.0.0"
      supports-color "^2.0.0"
  
  circular-json@^0.3.1:
    version "0.3.3"
    resolved "https://registry.yarnpkg.com/circular-json/-/circular-json-0.3.3.tgz#815c99ea84f6809529d2f45791bdf82711352d66"
  
  cli-cursor@^1.0.1:
    version "1.0.2"
    resolved "https://registry.yarnpkg.com/cli-cursor/-/cli-cursor-1.0.2.tgz#64da3f7d56a54412e59794bd62dc35295e8f2987"
    dependencies:
      restore-cursor "^1.0.1"
  
  cli-width@^2.0.0:
    version "2.2.0"
    resolved "https://registry.yarnpkg.com/cli-width/-/cli-width-2.2.0.tgz#ff19ede8a9a5e579324147b0c11f0fbcbabed639"
  
  clipboard@^2.0.0:
    version "2.0.1"
    resolved "https://registry.yarnpkg.com/clipboard/-/clipboard-2.0.1.tgz#a12481e1c13d8a50f5f036b0560fe5d16d74e46a"
    dependencies:
      good-listener "^1.2.2"
      select "^1.1.2"
      tiny-emitter "^2.0.0"
  
  clone@^1.0.2:
    version "1.0.4"
    resolved "https://registry.yarnpkg.com/clone/-/clone-1.0.4.tgz#da309cc263df15994c688ca902179ca3c7cd7c7e"
  
  co@^4.6.0:
    version "4.6.0"
    resolved "https://registry.yarnpkg.com/co/-/co-4.6.0.tgz#6ea6bdf3d853ae54ccb8e47bfa0bf3f9031fb184"
  
  code-point-at@^1.0.0:
    version "1.1.0"
    resolved "https://registry.yarnpkg.com/code-point-at/-/code-point-at-1.1.0.tgz#0d070b4d043a5bea33a2f1a40e2edb3d9a4ccf77"
  
  commander@2.9.0:
    version "2.9.0"
    resolved "https://registry.yarnpkg.com/commander/-/commander-2.9.0.tgz#9c99094176e12240cb22d6c5146098400fe0f7d4"
    dependencies:
      graceful-readlink ">= 1.0.0"
  
  concat-map@0.0.1:
    version "0.0.1"
    resolved "https://registry.yarnpkg.com/concat-map/-/concat-map-0.0.1.tgz#d8a96bd77fd68df7793a73036a3ba0d5405d477b"
  
  concat-stream@^1.5.2:
    version "1.6.2"
    resolved "https://registry.yarnpkg.com/concat-stream/-/concat-stream-1.6.2.tgz#904bdf194cd3122fc675c77fc4ac3d4ff0fd1a34"
    dependencies:
      buffer-from "^1.0.0"
      inherits "^2.0.3"
      readable-stream "^2.2.2"
      typedarray "^0.0.6"
  
  configstore@^1.0.0:
    version "1.4.0"
    resolved "https://registry.yarnpkg.com/configstore/-/configstore-1.4.0.tgz#c35781d0501d268c25c54b8b17f6240e8a4fb021"
    dependencies:
      graceful-fs "^4.1.2"
      mkdirp "^0.5.0"
      object-assign "^4.0.1"
      os-tmpdir "^1.0.0"
      osenv "^0.1.0"
      uuid "^2.0.1"
      write-file-atomic "^1.1.2"
      xdg-basedir "^2.0.0"
  
  core-util-is@~1.0.0:
    version "1.0.2"
    resolved "https://registry.yarnpkg.com/core-util-is/-/core-util-is-1.0.2.tgz#b5fd54220aa2bc5ab57aab7140c940754503c1a7"
  
  d@1:
    version "1.0.0"
    resolved "https://registry.yarnpkg.com/d/-/d-1.0.0.tgz#754bb5bfe55451da69a58b94d45f4c5b0462d58f"
    dependencies:
      es5-ext "^0.10.9"
  
  debug@2.6.8:
    version "2.6.8"
    resolved "https://registry.yarnpkg.com/debug/-/debug-2.6.8.tgz#e731531ca2ede27d188222427da17821d68ff4fc"
    dependencies:
      ms "2.0.0"
  
  debug@^2.1.1:
    version "2.6.9"
    resolved "https://registry.yarnpkg.com/debug/-/debug-2.6.9.tgz#5d128515df134ff327e90a4c93f4e077a536341f"
    dependencies:
      ms "2.0.0"
  
  deep-eql@^0.1.3:
    version "0.1.3"
    resolved "https://registry.yarnpkg.com/deep-eql/-/deep-eql-0.1.3.tgz#ef558acab8de25206cd713906d74e56930eb69f2"
    dependencies:
      type-detect "0.1.1"
  
  deep-extend@^0.6.0:
    version "0.6.0"
    resolved "https://registry.yarnpkg.com/deep-extend/-/deep-extend-0.6.0.tgz#c4fa7c95404a17a9c3e8ca7e1537312b736330ac"
  
  deep-is@~0.1.3:
    version "0.1.3"
    resolved "https://registry.yarnpkg.com/deep-is/-/deep-is-0.1.3.tgz#b369d6fb5dbc13eecf524f91b070feedc357cf34"
  
  del@^2.0.2:
    version "2.2.2"
    resolved "https://registry.yarnpkg.com/del/-/del-2.2.2.tgz#c12c981d067846c84bcaf862cff930d907ffd1a8"
    dependencies:
      globby "^5.0.0"
      is-path-cwd "^1.0.0"
      is-path-in-cwd "^1.0.0"
      object-assign "^4.0.1"
      pify "^2.0.0"
      pinkie-promise "^2.0.0"
      rimraf "^2.2.8"
  
  delegate@^3.1.2:
    version "3.2.0"
    resolved "https://registry.yarnpkg.com/delegate/-/delegate-3.2.0.tgz#b66b71c3158522e8ab5744f720d8ca0c2af59166"
  
  diff@3.2.0:
    version "3.2.0"
    resolved "https://registry.yarnpkg.com/diff/-/diff-3.2.0.tgz#c9ce393a4b7cbd0b058a725c93df299027868ff9"
  
  doctrine@^0.7.0:
    version "0.7.2"
    resolved "https://registry.yarnpkg.com/doctrine/-/doctrine-0.7.2.tgz#7cb860359ba3be90e040b26b729ce4bfa654c523"
    dependencies:
      esutils "^1.1.6"
      isarray "0.0.1"
  
  doctrine@^2.0.0:
    version "2.1.0"
    resolved "https://registry.yarnpkg.com/doctrine/-/doctrine-2.1.0.tgz#5cd01fc101621b42c4cd7f5d1a66243716d3f39d"
    dependencies:
      esutils "^2.0.2"
  
  dom-serializer@0:
    version "0.1.0"
    resolved "https://registry.yarnpkg.com/dom-serializer/-/dom-serializer-0.1.0.tgz#073c697546ce0780ce23be4a28e293e40bc30c82"
    dependencies:
      domelementtype "~1.1.1"
      entities "~1.1.1"
  
  dom5@^1.1.0, dom5@^1.1.1, dom5@^1.3.1:
    version "1.3.6"
    resolved "https://registry.yarnpkg.com/dom5/-/dom5-1.3.6.tgz#a7088a9fc5f3b08dc9f6eda4c7abaeb241945e0d"
    dependencies:
      "@types/clone" "^0.1.29"
      "@types/node" "^4.0.30"
      "@types/parse5" "^0.0.31"
      clone "^1.0.2"
      parse5 "^1.4.1"
  
  domelementtype@1, domelementtype@^1.3.0:
    version "1.3.0"
    resolved "https://registry.yarnpkg.com/domelementtype/-/domelementtype-1.3.0.tgz#b17aed82e8ab59e52dd9c19b1756e0fc187204c2"
  
  domelementtype@~1.1.1:
    version "1.1.3"
    resolved "https://registry.yarnpkg.com/domelementtype/-/domelementtype-1.1.3.tgz#bd28773e2642881aec51544924299c5cd822185b"
  
  domhandler@^2.3.0:
    version "2.4.2"
    resolved "https://registry.yarnpkg.com/domhandler/-/domhandler-2.4.2.tgz#8805097e933d65e85546f726d60f5eb88b44f803"
    dependencies:
      domelementtype "1"
  
  domutils@^1.5.1:
    version "1.7.0"
    resolved "https://registry.yarnpkg.com/domutils/-/domutils-1.7.0.tgz#56ea341e834e06e6748af7a1cb25da67ea9f8c2a"
    dependencies:
      dom-serializer "0"
      domelementtype "1"
  
  duplexify@^3.2.0:
    version "3.6.0"
    resolved "https://registry.yarnpkg.com/duplexify/-/duplexify-3.6.0.tgz#592903f5d80b38d037220541264d69a198fb3410"
    dependencies:
      end-of-stream "^1.0.0"
      inherits "^2.0.1"
      readable-stream "^2.0.0"
      stream-shift "^1.0.0"
  
  end-of-stream@^1.0.0:
    version "1.4.1"
    resolved "https://registry.yarnpkg.com/end-of-stream/-/end-of-stream-1.4.1.tgz#ed29634d19baba463b6ce6b80a37213eab71ec43"
    dependencies:
      once "^1.4.0"
  
  entities@^1.1.1, entities@~1.1.1:
    version "1.1.1"
    resolved "https://registry.yarnpkg.com/entities/-/entities-1.1.1.tgz#6e5c2d0a5621b5dadaecef80b90edfb5cd7772f0"
  
  es5-ext@^0.10.14, es5-ext@^0.10.35, es5-ext@^0.10.9, es5-ext@~0.10.14:
    version "0.10.45"
    resolved "https://registry.yarnpkg.com/es5-ext/-/es5-ext-0.10.45.tgz#0bfdf7b473da5919d5adf3bd25ceb754fccc3653"
    dependencies:
      es6-iterator "~2.0.3"
      es6-symbol "~3.1.1"
      next-tick "1"
  
  es6-iterator@^2.0.1, es6-iterator@~2.0.1, es6-iterator@~2.0.3:
    version "2.0.3"
    resolved "https://registry.yarnpkg.com/es6-iterator/-/es6-iterator-2.0.3.tgz#a7de889141a05a94b0854403b2d0a0fbfa98f3b7"
    dependencies:
      d "1"
      es5-ext "^0.10.35"
      es6-symbol "^3.1.1"
  
  es6-map@^0.1.3:
    version "0.1.5"
    resolved "https://registry.yarnpkg.com/es6-map/-/es6-map-0.1.5.tgz#9136e0503dcc06a301690f0bb14ff4e364e949f0"
    dependencies:
      d "1"
      es5-ext "~0.10.14"
      es6-iterator "~2.0.1"
      es6-set "~0.1.5"
      es6-symbol "~3.1.1"
      event-emitter "~0.3.5"
  
  es6-promise@^2.1.0:
    version "2.3.0"
    resolved "https://registry.yarnpkg.com/es6-promise/-/es6-promise-2.3.0.tgz#96edb9f2fdb01995822b263dd8aadab6748181bc"
  
  es6-set@~0.1.5:
    version "0.1.5"
    resolved "https://registry.yarnpkg.com/es6-set/-/es6-set-0.1.5.tgz#d2b3ec5d4d800ced818db538d28974db0a73ccb1"
    dependencies:
      d "1"
      es5-ext "~0.10.14"
      es6-iterator "~2.0.1"
      es6-symbol "3.1.1"
      event-emitter "~0.3.5"
  
  es6-symbol@3.1.1, es6-symbol@^3.1.1, es6-symbol@~3.1.1:
    version "3.1.1"
    resolved "https://registry.yarnpkg.com/es6-symbol/-/es6-symbol-3.1.1.tgz#bf00ef4fdab6ba1b46ecb7b629b4c7ed5715cc77"
    dependencies:
      d "1"
      es5-ext "~0.10.14"
  
  es6-weak-map@^2.0.1:
    version "2.0.2"
    resolved "https://registry.yarnpkg.com/es6-weak-map/-/es6-weak-map-2.0.2.tgz#5e3ab32251ffd1538a1f8e5ffa1357772f92d96f"
    dependencies:
      d "1"
      es5-ext "^0.10.14"
      es6-iterator "^2.0.1"
      es6-symbol "^3.1.1"
  
  escape-string-regexp@1.0.5, escape-string-regexp@^1.0.2, escape-string-regexp@^1.0.5:
    version "1.0.5"
    resolved "https://registry.yarnpkg.com/escape-string-regexp/-/escape-string-regexp-1.0.5.tgz#1b61c0562190a8dff6ae3bb2cf0200ca130b86d4"
  
  escope@^3.6.0:
    version "3.6.0"
    resolved "https://registry.yarnpkg.com/escope/-/escope-3.6.0.tgz#e01975e812781a163a6dadfdd80398dc64c889c3"
    dependencies:
      es6-map "^0.1.3"
      es6-weak-map "^2.0.1"
      esrecurse "^4.1.0"
      estraverse "^4.1.1"
  
  eslint-config-google@^0.7.1:
    version "0.7.1"
    resolved "https://registry.yarnpkg.com/eslint-config-google/-/eslint-config-google-0.7.1.tgz#5598f8498e9e078420f34b80495b8d959f651fb2"
  
  eslint-plugin-html@^1.7.0:
    version "1.7.0"
    resolved "https://registry.yarnpkg.com/eslint-plugin-html/-/eslint-plugin-html-1.7.0.tgz#2a5b03884d8d56adf9ad9864e9c036480fb629c9"
    dependencies:
      htmlparser2 "^3.8.2"
  
  eslint@^3.12.0:
    version "3.19.0"
    resolved "https://registry.yarnpkg.com/eslint/-/eslint-3.19.0.tgz#c8fc6201c7f40dd08941b87c085767386a679acc"
    dependencies:
      babel-code-frame "^6.16.0"
      chalk "^1.1.3"
      concat-stream "^1.5.2"
      debug "^2.1.1"
      doctrine "^2.0.0"
      escope "^3.6.0"
      espree "^3.4.0"
      esquery "^1.0.0"
      estraverse "^4.2.0"
      esutils "^2.0.2"
      file-entry-cache "^2.0.0"
      glob "^7.0.3"
      globals "^9.14.0"
      ignore "^3.2.0"
      imurmurhash "^0.1.4"
      inquirer "^0.12.0"
      is-my-json-valid "^2.10.0"
      is-resolvable "^1.0.0"
      js-yaml "^3.5.1"
      json-stable-stringify "^1.0.0"
      levn "^0.3.0"
      lodash "^4.0.0"
      mkdirp "^0.5.0"
      natural-compare "^1.4.0"
      optionator "^0.8.2"
      path-is-inside "^1.0.1"
      pluralize "^1.2.1"
      progress "^1.1.8"
      require-uncached "^1.0.2"
      shelljs "^0.7.5"
      strip-bom "^3.0.0"
      strip-json-comments "~2.0.1"
      table "^3.7.8"
      text-table "~0.2.0"
      user-home "^2.0.0"
  
  espree@^2.0.1:
    version "2.2.5"
    resolved "https://registry.yarnpkg.com/espree/-/espree-2.2.5.tgz#df691b9310889402aeb29cc066708c56690b854b"
  
  espree@^3.4.0:
    version "3.5.4"
    resolved "https://registry.yarnpkg.com/espree/-/espree-3.5.4.tgz#b0f447187c8a8bed944b815a660bddf5deb5d1a7"
    dependencies:
      acorn "^5.5.0"
      acorn-jsx "^3.0.0"
  
  esprima@^4.0.0:
    version "4.0.0"
    resolved "https://registry.yarnpkg.com/esprima/-/esprima-4.0.0.tgz#4499eddcd1110e0b218bacf2fa7f7f59f55ca804"
  
  esquery@^1.0.0:
    version "1.0.1"
    resolved "https://registry.yarnpkg.com/esquery/-/esquery-1.0.1.tgz#406c51658b1f5991a5f9b62b1dc25b00e3e5c708"
    dependencies:
      estraverse "^4.0.0"
  
  esrecurse@^4.1.0:
    version "4.2.1"
    resolved "https://registry.yarnpkg.com/esrecurse/-/esrecurse-4.2.1.tgz#007a3b9fdbc2b3bb87e4879ea19c92fdbd3942cf"
    dependencies:
      estraverse "^4.1.0"
  
  estraverse@^3.1.0:
    version "3.1.0"
    resolved "https://registry.yarnpkg.com/estraverse/-/estraverse-3.1.0.tgz#15e28a446b8b82bc700ccc8b96c78af4da0d6cba"
  
  estraverse@^4.0.0, estraverse@^4.1.0, estraverse@^4.1.1, estraverse@^4.2.0:
    version "4.2.0"
    resolved "https://registry.yarnpkg.com/estraverse/-/estraverse-4.2.0.tgz#0dee3fed31fcd469618ce7342099fc1afa0bdb13"
  
  esutils@^1.1.6:
    version "1.1.6"
    resolved "https://registry.yarnpkg.com/esutils/-/esutils-1.1.6.tgz#c01ccaa9ae4b897c6d0c3e210ae52f3c7a844375"
  
  esutils@^2.0.2:
    version "2.0.2"
    resolved "https://registry.yarnpkg.com/esutils/-/esutils-2.0.2.tgz#0abf4f1caa5bcb1f7a9d8acc6dea4faaa04bac9b"
  
  event-emitter@~0.3.5:
    version "0.3.5"
    resolved "https://registry.yarnpkg.com/event-emitter/-/event-emitter-0.3.5.tgz#df8c69eef1647923c7157b9ce83840610b02cc39"
    dependencies:
      d "1"
      es5-ext "~0.10.14"
  
  exit-hook@^1.0.0:
    version "1.1.1"
    resolved "https://registry.yarnpkg.com/exit-hook/-/exit-hook-1.1.1.tgz#f05ca233b48c05d54fff07765df8507e95c02ff8"
  
  fast-levenshtein@~2.0.4:
    version "2.0.6"
    resolved "https://registry.yarnpkg.com/fast-levenshtein/-/fast-levenshtein-2.0.6.tgz#3d8a5c66883a16a30ca8643e851f19baa7797917"
  
  figures@^1.3.5:
    version "1.7.0"
    resolved "https://registry.yarnpkg.com/figures/-/figures-1.7.0.tgz#cbe1e3affcf1cd44b80cadfed28dc793a9701d2e"
    dependencies:
      escape-string-regexp "^1.0.5"
      object-assign "^4.1.0"
  
  file-entry-cache@^2.0.0:
    version "2.0.0"
    resolved "https://registry.yarnpkg.com/file-entry-cache/-/file-entry-cache-2.0.0.tgz#c392990c3e684783d838b8c84a45d8a048458361"
    dependencies:
      flat-cache "^1.2.1"
      object-assign "^4.0.1"
  
  flat-cache@^1.2.1:
    version "1.3.0"
    resolved "https://registry.yarnpkg.com/flat-cache/-/flat-cache-1.3.0.tgz#d3030b32b38154f4e3b7e9c709f490f7ef97c481"
    dependencies:
      circular-json "^0.3.1"
      del "^2.0.2"
      graceful-fs "^4.1.2"
      write "^0.2.1"
  
  formatio@1.1.1:
    version "1.1.1"
    resolved "https://registry.yarnpkg.com/formatio/-/formatio-1.1.1.tgz#5ed3ccd636551097383465d996199100e86161e9"
    dependencies:
      samsam "~1.1"
  
  fs.realpath@^1.0.0:
    version "1.0.0"
    resolved "https://registry.yarnpkg.com/fs.realpath/-/fs.realpath-1.0.0.tgz#1504ad2523158caa40db4a2787cb01411994ea4f"
  
  generate-function@^2.0.0:
    version "2.0.0"
    resolved "https://registry.yarnpkg.com/generate-function/-/generate-function-2.0.0.tgz#6858fe7c0969b7d4e9093337647ac79f60dfbe74"
  
  generate-object-property@^1.1.0:
    version "1.2.0"
    resolved "https://registry.yarnpkg.com/generate-object-property/-/generate-object-property-1.2.0.tgz#9c0e1c40308ce804f4783618b937fa88f99d50d0"
    dependencies:
      is-property "^1.0.0"
  
  glob@7.1.1:
    version "7.1.1"
    resolved "https://registry.yarnpkg.com/glob/-/glob-7.1.1.tgz#805211df04faaf1c63a3600306cdf5ade50b2ec8"
    dependencies:
      fs.realpath "^1.0.0"
      inflight "^1.0.4"
      inherits "2"
      minimatch "^3.0.2"
      once "^1.3.0"
      path-is-absolute "^1.0.0"
  
  glob@^7.0.0, glob@^7.0.3, glob@^7.0.5:
    version "7.1.2"
    resolved "https://registry.yarnpkg.com/glob/-/glob-7.1.2.tgz#c19c9df9a028702d678612384a6552404c636d15"
    dependencies:
      fs.realpath "^1.0.0"
      inflight "^1.0.4"
      inherits "2"
      minimatch "^3.0.4"
      once "^1.3.0"
      path-is-absolute "^1.0.0"
  
  globals@^9.14.0:
    version "9.18.0"
    resolved "https://registry.yarnpkg.com/globals/-/globals-9.18.0.tgz#aa3896b3e69b487f17e31ed2143d69a8e30c2d8a"
  
  globby@^5.0.0:
    version "5.0.0"
    resolved "https://registry.yarnpkg.com/globby/-/globby-5.0.0.tgz#ebd84667ca0dbb330b99bcfc68eac2bc54370e0d"
    dependencies:
      array-union "^1.0.1"
      arrify "^1.0.0"
      glob "^7.0.3"
      object-assign "^4.0.1"
      pify "^2.0.0"
      pinkie-promise "^2.0.0"
  
  good-listener@^1.2.2:
    version "1.2.2"
    resolved "https://registry.yarnpkg.com/good-listener/-/good-listener-1.2.2.tgz#d53b30cdf9313dffb7dc9a0d477096aa6d145c50"
    dependencies:
      delegate "^3.1.2"
  
  got@^3.2.0:
    version "3.3.1"
    resolved "https://registry.yarnpkg.com/got/-/got-3.3.1.tgz#e5d0ed4af55fc3eef4d56007769d98192bcb2eca"
    dependencies:
      duplexify "^3.2.0"
      infinity-agent "^2.0.0"
      is-redirect "^1.0.0"
      is-stream "^1.0.0"
      lowercase-keys "^1.0.0"
      nested-error-stacks "^1.0.0"
      object-assign "^3.0.0"
      prepend-http "^1.0.0"
      read-all-stream "^3.0.0"
      timed-out "^2.0.0"
  
  graceful-fs@^4.1.11, graceful-fs@^4.1.2:
    version "4.1.11"
    resolved "https://registry.yarnpkg.com/graceful-fs/-/graceful-fs-4.1.11.tgz#0e8bdfe4d1ddb8854d64e04ea7c00e2a026e5658"
  
  "graceful-readlink@>= 1.0.0":
    version "1.0.1"
    resolved "https://registry.yarnpkg.com/graceful-readlink/-/graceful-readlink-1.0.1.tgz#4cafad76bc62f02fa039b2f94e9a3dd3a391a725"
  
  growl@1.9.2:
    version "1.9.2"
    resolved "https://registry.yarnpkg.com/growl/-/growl-1.9.2.tgz#0ea7743715db8d8de2c5ede1775e1b45ac85c02f"
  
  has-ansi@^2.0.0:
    version "2.0.0"
    resolved "https://registry.yarnpkg.com/has-ansi/-/has-ansi-2.0.0.tgz#34f5049ce1ecdf2b0649af3ef24e45ed35416d91"
    dependencies:
      ansi-regex "^2.0.0"
  
  has-flag@^1.0.0:
    version "1.0.0"
    resolved "https://registry.yarnpkg.com/has-flag/-/has-flag-1.0.0.tgz#9d9e793165ce017a00f00418c43f942a7b1d11fa"
  
  he@1.1.1:
    version "1.1.1"
    resolved "https://registry.yarnpkg.com/he/-/he-1.1.1.tgz#93410fd21b009735151f8868c2f271f3427e23fd"
  
  htmlparser2@^3.8.2:
    version "3.9.2"
    resolved "https://registry.yarnpkg.com/htmlparser2/-/htmlparser2-3.9.2.tgz#1bdf87acca0f3f9e53fa4fcceb0f4b4cbb00b338"
    dependencies:
      domelementtype "^1.3.0"
      domhandler "^2.3.0"
      domutils "^1.5.1"
      entities "^1.1.1"
      inherits "^2.0.1"
      readable-stream "^2.0.2"
  
  http2-push-manifest@^1.0.1:
    version "1.0.1"
    resolved "https://registry.yarnpkg.com/http2-push-manifest/-/http2-push-manifest-1.0.1.tgz#865f0808e21c338c0c208fdaad5084b463fb3493"
    dependencies:
      dom5 "^1.1.1"
      hydrolysis "1.22.0"
      nopt "^3.0.4"
      vulcanize "^1.13.1"
    optionalDependencies:
      update-notifier "^0.5.0"
  
  hydrolysis@1.22.0, hydrolysis@^1.19.1:
    version "1.22.0"
    resolved "https://registry.yarnpkg.com/hydrolysis/-/hydrolysis-1.22.0.tgz#84dae013178214d2cb080d777b87992d29e7336a"
    dependencies:
      doctrine "^0.7.0"
      dom5 "^1.1.0"
      es6-promise "^2.1.0"
      espree "^2.0.1"
      estraverse "^3.1.0"
      path-is-absolute "^1.0.0"
  
  ignore@^3.2.0:
    version "3.3.8"
    resolved "https://registry.yarnpkg.com/ignore/-/ignore-3.3.8.tgz#3f8e9c35d38708a3a7e0e9abb6c73e7ee7707b2b"
  
  imurmurhash@^0.1.4:
    version "0.1.4"
    resolved "https://registry.yarnpkg.com/imurmurhash/-/imurmurhash-0.1.4.tgz#9218b9b2b928a238b13dc4fb6b6d576f231453ea"
  
  infinity-agent@^2.0.0:
    version "2.0.3"
    resolved "https://registry.yarnpkg.com/infinity-agent/-/infinity-agent-2.0.3.tgz#45e0e2ff7a9eb030b27d62b74b3744b7a7ac4216"
  
  inflight@^1.0.4:
    version "1.0.6"
    resolved "https://registry.yarnpkg.com/inflight/-/inflight-1.0.6.tgz#49bd6331d7d02d0c09bc910a1075ba8165b56df9"
    dependencies:
      once "^1.3.0"
      wrappy "1"
  
  inherits@2, inherits@2.0.3, inherits@^2.0.1, inherits@^2.0.3, inherits@~2.0.1, inherits@~2.0.3:
    version "2.0.3"
    resolved "https://registry.yarnpkg.com/inherits/-/inherits-2.0.3.tgz#633c2c83e3da42a502f52466022480f4208261de"
  
  ini@~1.3.0:
    version "1.3.5"
    resolved "https://registry.yarnpkg.com/ini/-/ini-1.3.5.tgz#eee25f56db1c9ec6085e0c22778083f596abf927"
  
  inquirer@^0.12.0:
    version "0.12.0"
    resolved "https://registry.yarnpkg.com/inquirer/-/inquirer-0.12.0.tgz#1ef2bfd63504df0bc75785fff8c2c41df12f077e"
    dependencies:
      ansi-escapes "^1.1.0"
      ansi-regex "^2.0.0"
      chalk "^1.0.0"
      cli-cursor "^1.0.1"
      cli-width "^2.0.0"
      figures "^1.3.5"
      lodash "^4.3.0"
      readline2 "^1.0.1"
      run-async "^0.1.0"
      rx-lite "^3.1.2"
      string-width "^1.0.1"
      strip-ansi "^3.0.0"
      through "^2.3.6"
  
  interpret@^1.0.0:
    version "1.1.0"
    resolved "https://registry.yarnpkg.com/interpret/-/interpret-1.1.0.tgz#7ed1b1410c6a0e0f78cf95d3b8440c63f78b8614"
  
  intersection-observer@^0.5.0:
    version "0.5.0"
    resolved "https://registry.yarnpkg.com/intersection-observer/-/intersection-observer-0.5.0.tgz#9fe8bee3953c755b1485c38efd9633d535775ea6"
  
  is-finite@^1.0.0:
    version "1.0.2"
    resolved "https://registry.yarnpkg.com/is-finite/-/is-finite-1.0.2.tgz#cc6677695602be550ef11e8b4aa6305342b6d0aa"
    dependencies:
      number-is-nan "^1.0.0"
  
  is-fullwidth-code-point@^1.0.0:
    version "1.0.0"
    resolved "https://registry.yarnpkg.com/is-fullwidth-code-point/-/is-fullwidth-code-point-1.0.0.tgz#ef9e31386f031a7f0d643af82fde50c457ef00cb"
    dependencies:
      number-is-nan "^1.0.0"
  
  is-fullwidth-code-point@^2.0.0:
    version "2.0.0"
    resolved "https://registry.yarnpkg.com/is-fullwidth-code-point/-/is-fullwidth-code-point-2.0.0.tgz#a3b30a5c4f199183167aaab93beefae3ddfb654f"
  
  is-my-ip-valid@^1.0.0:
    version "1.0.0"
    resolved "https://registry.yarnpkg.com/is-my-ip-valid/-/is-my-ip-valid-1.0.0.tgz#7b351b8e8edd4d3995d4d066680e664d94696824"
  
  is-my-json-valid@^2.10.0:
    version "2.17.2"
    resolved "https://registry.yarnpkg.com/is-my-json-valid/-/is-my-json-valid-2.17.2.tgz#6b2103a288e94ef3de5cf15d29dd85fc4b78d65c"
    dependencies:
      generate-function "^2.0.0"
      generate-object-property "^1.1.0"
      is-my-ip-valid "^1.0.0"
      jsonpointer "^4.0.0"
      xtend "^4.0.0"
  
  is-npm@^1.0.0:
    version "1.0.0"
    resolved "https://registry.yarnpkg.com/is-npm/-/is-npm-1.0.0.tgz#f2fb63a65e4905b406c86072765a1a4dc793b9f4"
  
  is-path-cwd@^1.0.0:
    version "1.0.0"
    resolved "https://registry.yarnpkg.com/is-path-cwd/-/is-path-cwd-1.0.0.tgz#d225ec23132e89edd38fda767472e62e65f1106d"
  
  is-path-in-cwd@^1.0.0:
    version "1.0.1"
    resolved "https://registry.yarnpkg.com/is-path-in-cwd/-/is-path-in-cwd-1.0.1.tgz#5ac48b345ef675339bd6c7a48a912110b241cf52"
    dependencies:
      is-path-inside "^1.0.0"
  
  is-path-inside@^1.0.0:
    version "1.0.1"
    resolved "https://registry.yarnpkg.com/is-path-inside/-/is-path-inside-1.0.1.tgz#8ef5b7de50437a3fdca6b4e865ef7aa55cb48036"
    dependencies:
      path-is-inside "^1.0.1"
  
  is-property@^1.0.0:
    version "1.0.2"
    resolved "https://registry.yarnpkg.com/is-property/-/is-property-1.0.2.tgz#57fe1c4e48474edd65b09911f26b1cd4095dda84"
  
  is-redirect@^1.0.0:
    version "1.0.0"
    resolved "https://registry.yarnpkg.com/is-redirect/-/is-redirect-1.0.0.tgz#1d03dded53bd8db0f30c26e4f95d36fc7c87dc24"
  
  is-resolvable@^1.0.0:
    version "1.1.0"
    resolved "https://registry.yarnpkg.com/is-resolvable/-/is-resolvable-1.1.0.tgz#fb18f87ce1feb925169c9a407c19318a3206ed88"
  
  is-stream@^1.0.0:
    version "1.1.0"
    resolved "https://registry.yarnpkg.com/is-stream/-/is-stream-1.1.0.tgz#12d4a3dd4e68e0b79ceb8dbc84173ae80d91ca44"
  
  isarray@0.0.1:
    version "0.0.1"
    resolved "https://registry.yarnpkg.com/isarray/-/isarray-0.0.1.tgz#8a18acfca9a8f4177e09abfc6038939b05d1eedf"
  
  isarray@~1.0.0:
    version "1.0.0"
    resolved "https://registry.yarnpkg.com/isarray/-/isarray-1.0.0.tgz#bb935d48582cba168c06834957a54a3e07124f11"
  
  js-tokens@^3.0.2:
    version "3.0.2"
    resolved "https://registry.yarnpkg.com/js-tokens/-/js-tokens-3.0.2.tgz#9866df395102130e38f7f996bceb65443209c25b"
  
  js-yaml@^3.5.1:
    version "3.12.0"
    resolved "https://registry.yarnpkg.com/js-yaml/-/js-yaml-3.12.0.tgz#eaed656ec8344f10f527c6bfa1b6e2244de167d1"
    dependencies:
      argparse "^1.0.7"
      esprima "^4.0.0"
  
  json-stable-stringify@^1.0.0, json-stable-stringify@^1.0.1:
    version "1.0.1"
    resolved "https://registry.yarnpkg.com/json-stable-stringify/-/json-stable-stringify-1.0.1.tgz#9a759d39c5f2ff503fd5300646ed445f88c4f9af"
    dependencies:
      jsonify "~0.0.0"
  
  json3@3.3.2:
    version "3.3.2"
    resolved "https://registry.yarnpkg.com/json3/-/json3-3.3.2.tgz#3c0434743df93e2f5c42aee7b19bcb483575f4e1"
  
  jsonify@~0.0.0:
    version "0.0.0"
    resolved "https://registry.yarnpkg.com/jsonify/-/jsonify-0.0.0.tgz#2c74b6ee41d93ca51b7b5aaee8f503631d252a73"
  
  jsonpointer@^4.0.0:
    version "4.0.1"
    resolved "https://registry.yarnpkg.com/jsonpointer/-/jsonpointer-4.0.1.tgz#4fd92cb34e0e9db3c89c8622ecf51f9b978c6cb9"
  
  latest-version@^1.0.0:
    version "1.0.1"
    resolved "https://registry.yarnpkg.com/latest-version/-/latest-version-1.0.1.tgz#72cfc46e3e8d1be651e1ebb54ea9f6ea96f374bb"
    dependencies:
      package-json "^1.0.0"
  
  levn@^0.3.0, levn@~0.3.0:
    version "0.3.0"
    resolved "https://registry.yarnpkg.com/levn/-/levn-0.3.0.tgz#3b09924edf9f083c0490fdd4c0bc4421e04764ee"
    dependencies:
      prelude-ls "~1.1.2"
      type-check "~0.3.2"
  
  lit-html@^0.10.0:
    version "0.10.0"
    resolved "https://registry.yarnpkg.com/lit-html/-/lit-html-0.10.0.tgz#1c56efc7513faa8e12d0a5564dc3c67ee28fd617"
  
  lodash._baseassign@^3.0.0:
    version "3.2.0"
    resolved "https://registry.yarnpkg.com/lodash._baseassign/-/lodash._baseassign-3.2.0.tgz#8c38a099500f215ad09e59f1722fd0c52bfe0a4e"
    dependencies:
      lodash._basecopy "^3.0.0"
      lodash.keys "^3.0.0"
  
  lodash._basecopy@^3.0.0:
    version "3.0.1"
    resolved "https://registry.yarnpkg.com/lodash._basecopy/-/lodash._basecopy-3.0.1.tgz#8da0e6a876cf344c0ad8a54882111dd3c5c7ca36"
  
  lodash._basecreate@^3.0.0:
    version "3.0.3"
    resolved "https://registry.yarnpkg.com/lodash._basecreate/-/lodash._basecreate-3.0.3.tgz#1bc661614daa7fc311b7d03bf16806a0213cf821"
  
  lodash._getnative@^3.0.0:
    version "3.9.1"
    resolved "https://registry.yarnpkg.com/lodash._getnative/-/lodash._getnative-3.9.1.tgz#570bc7dede46d61cdcde687d65d3eecbaa3aaff5"
  
  lodash._isiterateecall@^3.0.0:
    version "3.0.9"
    resolved "https://registry.yarnpkg.com/lodash._isiterateecall/-/lodash._isiterateecall-3.0.9.tgz#5203ad7ba425fae842460e696db9cf3e6aac057c"
  
  lodash.create@3.1.1:
    version "3.1.1"
    resolved "https://registry.yarnpkg.com/lodash.create/-/lodash.create-3.1.1.tgz#d7f2849f0dbda7e04682bb8cd72ab022461debe7"
    dependencies:
      lodash._baseassign "^3.0.0"
      lodash._basecreate "^3.0.0"
      lodash._isiterateecall "^3.0.0"
  
  lodash.isarguments@^3.0.0:
    version "3.1.0"
    resolved "https://registry.yarnpkg.com/lodash.isarguments/-/lodash.isarguments-3.1.0.tgz#2f573d85c6a24289ff00663b491c1d338ff3458a"
  
  lodash.isarray@^3.0.0:
    version "3.0.4"
    resolved "https://registry.yarnpkg.com/lodash.isarray/-/lodash.isarray-3.0.4.tgz#79e4eb88c36a8122af86f844aa9bcd851b5fbb55"
  
  lodash.keys@^3.0.0:
    version "3.1.2"
    resolved "https://registry.yarnpkg.com/lodash.keys/-/lodash.keys-3.1.2.tgz#4dbc0472b156be50a0b286855d1bd0b0c656098a"
    dependencies:
      lodash._getnative "^3.0.0"
      lodash.isarguments "^3.0.0"
      lodash.isarray "^3.0.0"
  
  lodash@^3.0.0, lodash@^3.10.1:
    version "3.10.1"
    resolved "https://registry.yarnpkg.com/lodash/-/lodash-3.10.1.tgz#5bf45e8e49ba4189e17d482789dfd15bd140b7b6"
  
  lodash@^4.0.0, lodash@^4.3.0:
    version "4.17.10"
    resolved "https://registry.yarnpkg.com/lodash/-/lodash-4.17.10.tgz#1b7793cf7259ea38fb3661d4d38b3260af8ae4e7"
  
  lolex@1.3.2:
    version "1.3.2"
    resolved "https://registry.yarnpkg.com/lolex/-/lolex-1.3.2.tgz#7c3da62ffcb30f0f5a80a2566ca24e45d8a01f31"
  
  lowercase-keys@^1.0.0:
    version "1.0.1"
    resolved "https://registry.yarnpkg.com/lowercase-keys/-/lowercase-keys-1.0.1.tgz#6f9e30b47084d971a7c820ff15a6c5167b74c26f"
  
  minimatch@^3.0.2, minimatch@^3.0.4:
    version "3.0.4"
    resolved "https://registry.yarnpkg.com/minimatch/-/minimatch-3.0.4.tgz#5166e286457f03306064be5497e8dbb0c3d32083"
    dependencies:
      brace-expansion "^1.1.7"
  
  minimist@0.0.8:
    version "0.0.8"
    resolved "https://registry.yarnpkg.com/minimist/-/minimist-0.0.8.tgz#857fcabfc3397d2625b8228262e86aa7a011b05d"
  
  minimist@^1.2.0:
    version "1.2.0"
    resolved "https://registry.yarnpkg.com/minimist/-/minimist-1.2.0.tgz#a35008b20f41383eec1fb914f4cd5df79a264284"
  
  mkdirp@0.5.1, mkdirp@^0.5.0, mkdirp@^0.5.1:
    version "0.5.1"
    resolved "https://registry.yarnpkg.com/mkdirp/-/mkdirp-0.5.1.tgz#30057438eac6cf7f8c4767f38648d6697d75c903"
    dependencies:
      minimist "0.0.8"
  
  mocha@^3.4.2:
    version "3.5.3"
    resolved "https://registry.yarnpkg.com/mocha/-/mocha-3.5.3.tgz#1e0480fe36d2da5858d1eb6acc38418b26eaa20d"
    dependencies:
      browser-stdout "1.3.0"
      commander "2.9.0"
      debug "2.6.8"
      diff "3.2.0"
      escape-string-regexp "1.0.5"
      glob "7.1.1"
      growl "1.9.2"
      he "1.1.1"
      json3 "3.3.2"
      lodash.create "3.1.1"
      mkdirp "0.5.1"
      supports-color "3.1.2"
  
  ms@2.0.0:
    version "2.0.0"
    resolved "https://registry.yarnpkg.com/ms/-/ms-2.0.0.tgz#5608aeadfc00be6c2901df5f9861788de0d597c8"
  
  mute-stream@0.0.5:
    version "0.0.5"
    resolved "https://registry.yarnpkg.com/mute-stream/-/mute-stream-0.0.5.tgz#8fbfabb0a98a253d3184331f9e8deb7372fac6c0"
  
  natural-compare@^1.4.0:
    version "1.4.0"
    resolved "https://registry.yarnpkg.com/natural-compare/-/natural-compare-1.4.0.tgz#4abebfeed7541f2c27acfb29bdbbd15c8d5ba4f7"
  
  nested-error-stacks@^1.0.0:
    version "1.0.2"
    resolved "https://registry.yarnpkg.com/nested-error-stacks/-/nested-error-stacks-1.0.2.tgz#19f619591519f096769a5ba9a86e6eeec823c3cf"
    dependencies:
      inherits "~2.0.1"
  
  next-tick@1:
    version "1.0.0"
    resolved "https://registry.yarnpkg.com/next-tick/-/next-tick-1.0.0.tgz#ca86d1fe8828169b0120208e3dc8424b9db8342c"
  
  nopt@^3.0.1, nopt@^3.0.4:
    version "3.0.6"
    resolved "https://registry.yarnpkg.com/nopt/-/nopt-3.0.6.tgz#c6465dbf08abcd4db359317f79ac68a646b28ff9"
    dependencies:
      abbrev "1"
  
  number-is-nan@^1.0.0:
    version "1.0.1"
    resolved "https://registry.yarnpkg.com/number-is-nan/-/number-is-nan-1.0.1.tgz#097b602b53422a522c1afb8790318336941a011d"
  
  object-assign@^3.0.0:
    version "3.0.0"
    resolved "https://registry.yarnpkg.com/object-assign/-/object-assign-3.0.0.tgz#9bedd5ca0897949bca47e7ff408062d549f587f2"
  
  object-assign@^4.0.1, object-assign@^4.1.0:
    version "4.1.1"
    resolved "https://registry.yarnpkg.com/object-assign/-/object-assign-4.1.1.tgz#2109adc7965887cfc05cbbd442cac8bfbb360863"
  
  once@^1.3.0, once@^1.4.0:
    version "1.4.0"
    resolved "https://registry.yarnpkg.com/once/-/once-1.4.0.tgz#583b1aa775961d4b113ac17d9c50baef9dd76bd1"
    dependencies:
      wrappy "1"
  
  onetime@^1.0.0:
    version "1.1.0"
    resolved "http://registry.npmjs.org/onetime/-/onetime-1.1.0.tgz#a1f7838f8314c516f05ecefcbc4ccfe04b4ed789"
  
  optionator@^0.8.2:
    version "0.8.2"
    resolved "https://registry.yarnpkg.com/optionator/-/optionator-0.8.2.tgz#364c5e409d3f4d6301d6c0b4c05bba50180aeb64"
    dependencies:
      deep-is "~0.1.3"
      fast-levenshtein "~2.0.4"
      levn "~0.3.0"
      prelude-ls "~1.1.2"
      type-check "~0.3.2"
      wordwrap "~1.0.0"
  
  os-homedir@^1.0.0:
    version "1.0.2"
    resolved "https://registry.yarnpkg.com/os-homedir/-/os-homedir-1.0.2.tgz#ffbc4988336e0e833de0c168c7ef152121aa7fb3"
  
  os-tmpdir@^1.0.0:
    version "1.0.2"
    resolved "https://registry.yarnpkg.com/os-tmpdir/-/os-tmpdir-1.0.2.tgz#bbe67406c79aa85c5cfec766fe5734555dfa1274"
  
  osenv@^0.1.0:
    version "0.1.5"
    resolved "https://registry.yarnpkg.com/osenv/-/osenv-0.1.5.tgz#85cdfafaeb28e8677f416e287592b5f3f49ea410"
    dependencies:
      os-homedir "^1.0.0"
      os-tmpdir "^1.0.0"
  
  package-json@^1.0.0:
    version "1.2.0"
    resolved "https://registry.yarnpkg.com/package-json/-/package-json-1.2.0.tgz#c8ecac094227cdf76a316874ed05e27cc939a0e0"
    dependencies:
      got "^3.2.0"
      registry-url "^3.0.0"
  
  parse5@^1.4.1:
    version "1.5.1"
    resolved "https://registry.yarnpkg.com/parse5/-/parse5-1.5.1.tgz#9b7f3b0de32be78dc2401b17573ccaf0f6f59d94"
  
  path-is-absolute@^1.0.0:
    version "1.0.1"
    resolved "https://registry.yarnpkg.com/path-is-absolute/-/path-is-absolute-1.0.1.tgz#174b9268735534ffbc7ace6bf53a5a9e1b5c5f5f"
  
  path-is-inside@^1.0.1:
    version "1.0.2"
    resolved "https://registry.yarnpkg.com/path-is-inside/-/path-is-inside-1.0.2.tgz#365417dede44430d1c11af61027facf074bdfc53"
  
  path-parse@^1.0.5:
    version "1.0.5"
    resolved "https://registry.yarnpkg.com/path-parse/-/path-parse-1.0.5.tgz#3c1adf871ea9cd6c9431b6ea2bd74a0ff055c4c1"
  
  path-posix@^1.0.0:
    version "1.0.0"
    resolved "https://registry.yarnpkg.com/path-posix/-/path-posix-1.0.0.tgz#06b26113f56beab042545a23bfa88003ccac260f"
  
  pify@^2.0.0:
    version "2.3.0"
    resolved "https://registry.yarnpkg.com/pify/-/pify-2.3.0.tgz#ed141a6ac043a849ea588498e7dca8b15330e90c"
  
  pinkie-promise@^2.0.0:
    version "2.0.1"
    resolved "https://registry.yarnpkg.com/pinkie-promise/-/pinkie-promise-2.0.1.tgz#2135d6dfa7a358c069ac9b178776288228450ffa"
    dependencies:
      pinkie "^2.0.0"
  
  pinkie@^2.0.0:
    version "2.0.4"
    resolved "https://registry.yarnpkg.com/pinkie/-/pinkie-2.0.4.tgz#72556b80cfa0d48a974e80e77248e80ed4f7f870"
  
  pluralize@^1.2.1:
    version "1.2.1"
    resolved "https://registry.yarnpkg.com/pluralize/-/pluralize-1.2.1.tgz#d1a21483fd22bb41e58a12fa3421823140897c45"
  
  prelude-ls@~1.1.2:
    version "1.1.2"
    resolved "https://registry.yarnpkg.com/prelude-ls/-/prelude-ls-1.1.2.tgz#21932a549f5e52ffd9a827f570e04be62a97da54"
  
  prepend-http@^1.0.0:
    version "1.0.4"
    resolved "https://registry.yarnpkg.com/prepend-http/-/prepend-http-1.0.4.tgz#d4f4562b0ce3696e41ac52d0e002e57a635dc6dc"
  
  prismjs@^1.11.0:
    version "1.14.0"
    resolved "https://registry.yarnpkg.com/prismjs/-/prismjs-1.14.0.tgz#bbccfdb8be5d850d26453933cb50122ca0362ae0"
    optionalDependencies:
      clipboard "^2.0.0"
  
  process-nextick-args@~2.0.0:
    version "2.0.0"
    resolved "https://registry.yarnpkg.com/process-nextick-args/-/process-nextick-args-2.0.0.tgz#a37d732f4271b4ab1ad070d35508e8290788ffaa"
  
  progress@^1.1.8:
    version "1.1.8"
    resolved "https://registry.yarnpkg.com/progress/-/progress-1.1.8.tgz#e260c78f6161cdd9b0e56cc3e0a85de17c7a57be"
  
  rc@^1.0.1:
    version "1.2.8"
    resolved "https://registry.yarnpkg.com/rc/-/rc-1.2.8.tgz#cd924bf5200a075b83c188cd6b9e211b7fc0d3ed"
    dependencies:
      deep-extend "^0.6.0"
      ini "~1.3.0"
      minimist "^1.2.0"
      strip-json-comments "~2.0.1"
  
  read-all-stream@^3.0.0:
    version "3.1.0"
    resolved "https://registry.yarnpkg.com/read-all-stream/-/read-all-stream-3.1.0.tgz#35c3e177f2078ef789ee4bfafa4373074eaef4fa"
    dependencies:
      pinkie-promise "^2.0.0"
      readable-stream "^2.0.0"
  
  readable-stream@^2.0.0, readable-stream@^2.0.2, readable-stream@^2.2.2:
    version "2.3.6"
    resolved "https://registry.yarnpkg.com/readable-stream/-/readable-stream-2.3.6.tgz#b11c27d88b8ff1fbe070643cf94b0c79ae1b0aaf"
    dependencies:
      core-util-is "~1.0.0"
      inherits "~2.0.3"
      isarray "~1.0.0"
      process-nextick-args "~2.0.0"
      safe-buffer "~5.1.1"
      string_decoder "~1.1.1"
      util-deprecate "~1.0.1"
  
  readline2@^1.0.1:
    version "1.0.1"
    resolved "https://registry.yarnpkg.com/readline2/-/readline2-1.0.1.tgz#41059608ffc154757b715d9989d199ffbf372e35"
    dependencies:
      code-point-at "^1.0.0"
      is-fullwidth-code-point "^1.0.0"
      mute-stream "0.0.5"
  
  rechoir@^0.6.2:
    version "0.6.2"
    resolved "https://registry.yarnpkg.com/rechoir/-/rechoir-0.6.2.tgz#85204b54dba82d5742e28c96756ef43af50e3384"
    dependencies:
      resolve "^1.1.6"
  
  registry-url@^3.0.0:
    version "3.1.0"
    resolved "https://registry.yarnpkg.com/registry-url/-/registry-url-3.1.0.tgz#3d4ef870f73dde1d77f0cf9a381432444e174942"
    dependencies:
      rc "^1.0.1"
  
  repeating@^1.1.2:
    version "1.1.3"
    resolved "https://registry.yarnpkg.com/repeating/-/repeating-1.1.3.tgz#3d4114218877537494f97f77f9785fab810fa4ac"
    dependencies:
      is-finite "^1.0.0"
  
  require-uncached@^1.0.2:
    version "1.0.3"
    resolved "https://registry.yarnpkg.com/require-uncached/-/require-uncached-1.0.3.tgz#4e0d56d6c9662fd31e43011c4b95aa49955421d3"
    dependencies:
      caller-path "^0.1.0"
      resolve-from "^1.0.0"
  
  resolve-from@^1.0.0:
    version "1.0.1"
    resolved "https://registry.yarnpkg.com/resolve-from/-/resolve-from-1.0.1.tgz#26cbfe935d1aeeeabb29bc3fe5aeb01e93d44226"
  
  resolve@^1.1.6:
    version "1.7.1"
    resolved "https://registry.yarnpkg.com/resolve/-/resolve-1.7.1.tgz#aadd656374fd298aee895bc026b8297418677fd3"
    dependencies:
      path-parse "^1.0.5"
  
  restore-cursor@^1.0.1:
    version "1.0.1"
    resolved "https://registry.yarnpkg.com/restore-cursor/-/restore-cursor-1.0.1.tgz#34661f46886327fed2991479152252df92daa541"
    dependencies:
      exit-hook "^1.0.0"
      onetime "^1.0.0"
  
  rimraf@^2.2.8:
    version "2.6.2"
    resolved "https://registry.yarnpkg.com/rimraf/-/rimraf-2.6.2.tgz#2ed8150d24a16ea8651e6d6ef0f47c4158ce7a36"
    dependencies:
      glob "^7.0.5"
  
  run-async@^0.1.0:
    version "0.1.0"
    resolved "https://registry.yarnpkg.com/run-async/-/run-async-0.1.0.tgz#c8ad4a5e110661e402a7d21b530e009f25f8e389"
    dependencies:
      once "^1.3.0"
  
  rx-lite@^3.1.2:
    version "3.1.2"
    resolved "https://registry.yarnpkg.com/rx-lite/-/rx-lite-3.1.2.tgz#19ce502ca572665f3b647b10939f97fd1615f102"
  
  safe-buffer@~5.1.0, safe-buffer@~5.1.1:
    version "5.1.2"
    resolved "https://registry.yarnpkg.com/safe-buffer/-/safe-buffer-5.1.2.tgz#991ec69d296e0313747d59bdfd2b745c35f8828d"
  
  samsam@1.1.2:
    version "1.1.2"
    resolved "https://registry.yarnpkg.com/samsam/-/samsam-1.1.2.tgz#bec11fdc83a9fda063401210e40176c3024d1567"
  
  samsam@~1.1:
    version "1.1.3"
    resolved "https://registry.yarnpkg.com/samsam/-/samsam-1.1.3.tgz#9f5087419b4d091f232571e7fa52e90b0f552621"
  
  select@^1.1.2:
    version "1.1.2"
    resolved "https://registry.yarnpkg.com/select/-/select-1.1.2.tgz#0e7350acdec80b1108528786ec1d4418d11b396d"
  
  semver-diff@^2.0.0:
    version "2.1.0"
    resolved "https://registry.yarnpkg.com/semver-diff/-/semver-diff-2.1.0.tgz#4bbb8437c8d37e4b0cf1a68fd726ec6d645d6d36"
    dependencies:
      semver "^5.0.3"
  
  semver@^5.0.3:
    version "5.5.0"
    resolved "https://registry.yarnpkg.com/semver/-/semver-5.5.0.tgz#dc4bbc7a6ca9d916dee5d43516f0092b58f7b8ab"
  
  shelljs@^0.7.5:
    version "0.7.8"
    resolved "https://registry.yarnpkg.com/shelljs/-/shelljs-0.7.8.tgz#decbcf874b0d1e5fb72e14b164a9683048e9acb3"
    dependencies:
      glob "^7.0.0"
      interpret "^1.0.0"
      rechoir "^0.6.2"
  
  sinon-chai@^2.10.0:
    version "2.14.0"
    resolved "https://registry.yarnpkg.com/sinon-chai/-/sinon-chai-2.14.0.tgz#da7dd4cc83cd6a260b67cca0f7a9fdae26a1205d"
  
  sinon@^1.17.1:
    version "1.17.7"
    resolved "https://registry.yarnpkg.com/sinon/-/sinon-1.17.7.tgz#4542a4f49ba0c45c05eb2e9dd9d203e2b8efe0bf"
    dependencies:
      formatio "1.1.1"
      lolex "1.3.2"
      samsam "1.1.2"
      util ">=0.10.3 <1"
  
  slice-ansi@0.0.4:
    version "0.0.4"
    resolved "https://registry.yarnpkg.com/slice-ansi/-/slice-ansi-0.0.4.tgz#edbf8903f66f7ce2f8eafd6ceed65e264c831b35"
  
  slide@^1.1.5:
    version "1.1.6"
    resolved "https://registry.yarnpkg.com/slide/-/slide-1.1.6.tgz#56eb027d65b4d2dce6cb2e2d32c4d4afc9e1d707"
  
  sprintf-js@~1.0.2:
    version "1.0.3"
    resolved "https://registry.yarnpkg.com/sprintf-js/-/sprintf-js-1.0.3.tgz#04e6926f662895354f3dd015203633b857297e2c"
  
  stacky@^1.3.1:
    version "1.3.1"
    resolved "https://registry.yarnpkg.com/stacky/-/stacky-1.3.1.tgz#3f117e5187b9a73d23f876d69f05c85b11804a12"
    dependencies:
      chalk "^1.1.1"
      lodash "^3.0.0"
  
  stl-part-viewer@^0.1.0:
    version "0.1.0"
    resolved "https://registry.yarnpkg.com/stl-part-viewer/-/stl-part-viewer-0.1.0.tgz#a0c8624566475d09fb4f468e7052bb59503f9c67"
    dependencies:
      "@polymer/lit-element" "^0.5.2"
      intersection-observer "^0.5.0"
      three "^0.93.0"
  
  stream-shift@^1.0.0:
    version "1.0.0"
    resolved "https://registry.yarnpkg.com/stream-shift/-/stream-shift-1.0.0.tgz#d5c752825e5367e786f78e18e445ea223a155952"
  
  string-length@^1.0.0:
    version "1.0.1"
    resolved "https://registry.yarnpkg.com/string-length/-/string-length-1.0.1.tgz#56970fb1c38558e9e70b728bf3de269ac45adfac"
    dependencies:
      strip-ansi "^3.0.0"
  
  string-width@^1.0.1:
    version "1.0.2"
    resolved "https://registry.yarnpkg.com/string-width/-/string-width-1.0.2.tgz#118bdf5b8cdc51a2a7e70d211e07e2b0b9b107d3"
    dependencies:
      code-point-at "^1.0.0"
      is-fullwidth-code-point "^1.0.0"
      strip-ansi "^3.0.0"
  
  string-width@^2.0.0:
    version "2.1.1"
    resolved "https://registry.yarnpkg.com/string-width/-/string-width-2.1.1.tgz#ab93f27a8dc13d28cac815c462143a6d9012ae9e"
    dependencies:
      is-fullwidth-code-point "^2.0.0"
      strip-ansi "^4.0.0"
  
  string_decoder@~1.1.1:
    version "1.1.1"
    resolved "https://registry.yarnpkg.com/string_decoder/-/string_decoder-1.1.1.tgz#9cf1611ba62685d7030ae9e4ba34149c3af03fc8"
    dependencies:
      safe-buffer "~5.1.0"
  
  strip-ansi@^3.0.0:
    version "3.0.1"
    resolved "https://registry.yarnpkg.com/strip-ansi/-/strip-ansi-3.0.1.tgz#6a385fb8853d952d5ff05d0e8aaf94278dc63dcf"
    dependencies:
      ansi-regex "^2.0.0"
  
  strip-ansi@^4.0.0:
    version "4.0.0"
    resolved "https://registry.yarnpkg.com/strip-ansi/-/strip-ansi-4.0.0.tgz#a8479022eb1ac368a871389b635262c505ee368f"
    dependencies:
      ansi-regex "^3.0.0"
  
  strip-bom@^3.0.0:
    version "3.0.0"
    resolved "https://registry.yarnpkg.com/strip-bom/-/strip-bom-3.0.0.tgz#2334c18e9c759f7bdd56fdef7e9ae3d588e68ed3"
  
  strip-json-comments@~2.0.1:
    version "2.0.1"
    resolved "https://registry.yarnpkg.com/strip-json-comments/-/strip-json-comments-2.0.1.tgz#3c531942e908c2697c0ec344858c286c7ca0a60a"
  
  supports-color@3.1.2:
    version "3.1.2"
    resolved "https://registry.yarnpkg.com/supports-color/-/supports-color-3.1.2.tgz#72a262894d9d408b956ca05ff37b2ed8a6e2a2d5"
    dependencies:
      has-flag "^1.0.0"
  
  supports-color@^2.0.0:
    version "2.0.0"
    resolved "https://registry.yarnpkg.com/supports-color/-/supports-color-2.0.0.tgz#535d045ce6b6363fa40117084629995e9df324c7"
  
  table@^3.7.8:
    version "3.8.3"
    resolved "https://registry.yarnpkg.com/table/-/table-3.8.3.tgz#2bbc542f0fda9861a755d3947fefd8b3f513855f"
    dependencies:
      ajv "^4.7.0"
      ajv-keywords "^1.0.0"
      chalk "^1.1.1"
      lodash "^4.0.0"
      slice-ansi "0.0.4"
      string-width "^2.0.0"
  
  text-table@~0.2.0:
    version "0.2.0"
    resolved "https://registry.yarnpkg.com/text-table/-/text-table-0.2.0.tgz#7f5ee823ae805207c00af2df4a84ec3fcfa570b4"
  
  three@^0.93.0:
    version "0.93.0"
    resolved "https://registry.yarnpkg.com/three/-/three-0.93.0.tgz#3fd6c367ef4554abbb6e16ad69936283e895c123"
  
  through@^2.3.6:
    version "2.3.8"
    resolved "https://registry.yarnpkg.com/through/-/through-2.3.8.tgz#0dd4c9ffaabc357960b1b724115d7e0e86a2e1f5"
  
  timed-out@^2.0.0:
    version "2.0.0"
    resolved "https://registry.yarnpkg.com/timed-out/-/timed-out-2.0.0.tgz#f38b0ae81d3747d628001f41dafc652ace671c0a"
  
  tiny-emitter@^2.0.0:
    version "2.0.2"
    resolved "https://registry.yarnpkg.com/tiny-emitter/-/tiny-emitter-2.0.2.tgz#82d27468aca5ade8e5fd1e6d22b57dd43ebdfb7c"
  
  type-check@~0.3.2:
    version "0.3.2"
    resolved "https://registry.yarnpkg.com/type-check/-/type-check-0.3.2.tgz#5884cab512cf1d355e3fb784f30804b2b520db72"
    dependencies:
      prelude-ls "~1.1.2"
  
  type-detect@0.1.1:
    version "0.1.1"
    resolved "https://registry.yarnpkg.com/type-detect/-/type-detect-0.1.1.tgz#0ba5ec2a885640e470ea4e8505971900dac58822"
  
  type-detect@^1.0.0:
    version "1.0.0"
    resolved "https://registry.yarnpkg.com/type-detect/-/type-detect-1.0.0.tgz#762217cc06db258ec48908a1298e8b95121e8ea2"
  
  typedarray@^0.0.6:
    version "0.0.6"
    resolved "https://registry.yarnpkg.com/typedarray/-/typedarray-0.0.6.tgz#867ac74e3864187b1d3d47d996a78ec5c8830777"
  
  update-notifier@^0.5.0:
    version "0.5.0"
    resolved "https://registry.yarnpkg.com/update-notifier/-/update-notifier-0.5.0.tgz#07b5dc2066b3627ab3b4f530130f7eddda07a4cc"
    dependencies:
      chalk "^1.0.0"
      configstore "^1.0.0"
      is-npm "^1.0.0"
      latest-version "^1.0.0"
      repeating "^1.1.2"
      semver-diff "^2.0.0"
      string-length "^1.0.0"
  
  user-home@^2.0.0:
    version "2.0.0"
    resolved "https://registry.yarnpkg.com/user-home/-/user-home-2.0.0.tgz#9c70bfd8169bc1dcbf48604e0f04b8b49cde9e9f"
    dependencies:
      os-homedir "^1.0.0"
  
  util-deprecate@~1.0.1:
    version "1.0.2"
    resolved "https://registry.yarnpkg.com/util-deprecate/-/util-deprecate-1.0.2.tgz#450d4dc9fa70de732762fbd2d4a28981419a0ccf"
  
  "util@>=0.10.3 <1":
    version "0.11.0"
    resolved "https://registry.yarnpkg.com/util/-/util-0.11.0.tgz#c5f391beb244103d799b21077a926fef8769e1fb"
    dependencies:
      inherits "2.0.3"
  
  uuid@^2.0.1:
    version "2.0.3"
    resolved "https://registry.yarnpkg.com/uuid/-/uuid-2.0.3.tgz#67e2e863797215530dff318e5bf9dcebfd47b21a"
  
  vulcanize@^1.13.1:
    version "1.16.0"
    resolved "https://registry.yarnpkg.com/vulcanize/-/vulcanize-1.16.0.tgz#b0ce3b0044d194ad4908ae4f1a6c6110a6e4d5e6"
    dependencies:
      dom5 "^1.3.1"
      es6-promise "^2.1.0"
      hydrolysis "^1.19.1"
      nopt "^3.0.1"
      path-posix "^1.0.0"
  
  wct-browser-legacy@^0.0.1-pre.11:
    version "0.0.1-pre.12"
    resolved "https://registry.yarnpkg.com/wct-browser-legacy/-/wct-browser-legacy-0.0.1-pre.12.tgz#d8ac8321da90d22ade8a604e369d01180b8541c8"
    dependencies:
      "@polymer/polymer" "^3.0.0-pre.1"
      "@polymer/sinonjs" "^1.14.1"
      "@polymer/test-fixture" "^3.0.0-pre.1"
      "@webcomponents/webcomponentsjs" "^1.0.7"
      accessibility-developer-tools "^2.12.0"
      async "^1.5.2"
      chai "^3.5.0"
      lodash "^3.10.1"
      mocha "^3.4.2"
      sinon "^1.17.1"
      sinon-chai "^2.10.0"
      stacky "^1.3.1"
  
  web-animations-js@^2.3.1:
    version "2.3.1"
    resolved "https://registry.yarnpkg.com/web-animations-js/-/web-animations-js-2.3.1.tgz#3a6d9bc15196377a90f8e2803fa5262165b04510"
  
  wordwrap@~1.0.0:
    version "1.0.0"
    resolved "https://registry.yarnpkg.com/wordwrap/-/wordwrap-1.0.0.tgz#27584810891456a4171c8d0226441ade90cbcaeb"
  
  wrappy@1:
    version "1.0.2"
    resolved "https://registry.yarnpkg.com/wrappy/-/wrappy-1.0.2.tgz#b5243d8f3ec1aa35f1364605bc0d1036e30ab69f"
  
  write-file-atomic@^1.1.2:
    version "1.3.4"
    resolved "https://registry.yarnpkg.com/write-file-atomic/-/write-file-atomic-1.3.4.tgz#f807a4f0b1d9e913ae7a48112e6cc3af1991b45f"
    dependencies:
      graceful-fs "^4.1.11"
      imurmurhash "^0.1.4"
      slide "^1.1.5"
  
  write@^0.2.1:
    version "0.2.1"
    resolved "https://registry.yarnpkg.com/write/-/write-0.2.1.tgz#5fc03828e264cea3fe91455476f7a3c566cb0757"
    dependencies:
      mkdirp "^0.5.1"
  
  xdg-basedir@^2.0.0:
    version "2.0.0"
    resolved "https://registry.yarnpkg.com/xdg-basedir/-/xdg-basedir-2.0.0.tgz#edbc903cc385fc04523d966a335504b5504d1bd2"
    dependencies:
      os-homedir "^1.0.0"
  
  xtend@^4.0.0:
    version "4.0.1"
    resolved "https://registry.yarnpkg.com/xtend/-/xtend-4.0.1.tgz#a5c6d532be656e23db820efb943a1f04998d63af"
